<?xml version="1.0" encoding="UTF-8"?>
<!-- Generated by org.testng.reporters.JUnitXMLReporter -->
<testsuite hostname="DESKTOP-A8AF0PQ" ignored="0" name="Regression" tests="3" failures="0" timestamp="10 Jan 2021 11:21:22 GMT" time="17.733" errors="0">
  <testcase name="OpenGoogle" time="6.087" classname="System.DifferentBrowser"/>
  <testcase name="OpenFace" time="6.862" classname="System.DifferentBrowser"/>
  <testcase name="OpenBing" time="4.736" classname="System.DifferentBrowser"/>
</testsuite> <!-- Regression -->
